 <-1> 21/06/2022 13:11:08.111     [Error  ] - Failed to Load Assembly : "C:\Users\yanne\DownloadsSSD\devprogramacao\Cigam\Projects\ProjetoCalculadora\Calculadora\bin\Release\Calculadora.dll"
"Não foi possível carregar arquivo ou assembly 'Calculadora.dll' ou uma de suas dependências. O sistema não pode encontrar o caminho especificado."
 <-1> 21/06/2022 13:11:08.172     [Error  ] - Failed to Load Assembly : "C:\Users\yanne\DownloadsSSD\devprogramacao\Cigam\Projects\ProjetoCalculadora\Calculadora.Control\bin\Release\Calculadora.Control.dll"
"Não foi possível carregar arquivo ou assembly 'Calculadora.Control.dll' ou uma de suas dependências. O sistema não pode encontrar o caminho especificado."
 <335108608834293056> 21/06/2022 13:11:23.358     [Error  ] - [MgGui.dll] System.NullReferenceException : 
   em com.magicsoftware.unipaas.management.gui.MgControlBase.get_DNType()
Referência de objeto não definida para uma instância de um objeto., Program: "Calculadora".
 <335108608834293056> 21/06/2022 13:11:23.366     [Error  ] - [MgGui.dll] 
   em System.Environment.GetStackTrace(Exception e, Boolean needFileInfo)
   em System.Environment.get_StackTrace()
   em com.magicsoftware.rte.CoreExecutor.WriteExceptionToLog(Int64 contextID, String msg)
   em com.magicsoftware.rte.GuiEventsProcessor.WriteExceptionToLog(String message)
   em com.magicsoftware.unipaas.Events.WriteExceptionToLog(String msg)
   em com.magicsoftware.unipaas.Events.WriteExceptionToLog(Exception ex)
   em com.magicsoftware.unipaas.management.gui.MgControlBase.get_DNType()
   em com.magicsoftware.unipaas.management.gui.MgControlBase.createControl(Boolean forceWindowControl)
   em com.magicsoftware.unipaas.management.gui.MgFormBase.createForm()
   em com.magicsoftware.unipaas.management.gui.MgFormBase.init()
   em com.magicsoftware.unipaas.management.tasks.TaskBase.InitForm()
   em com.magicsoftware.rte.tasks.Task.InitForm()
   em com.magicsoftware.rte.tasks.TasksManager.OpenForm(Int32 taskID, Int32 subformParentTaskTag, Int32 subformDitIdx)
   em com.magicsoftware.rte.RteExecutor.OpenForm(Int32 taskID, Int32 subformParentTaskTag, Int32 subformDitIdx)
   em RteExecutorEndpoint.OpenForm(Int32 taskID, Int32 subformParentTaskTag, Int32 subformDitIdx)
   em RteExecutorBridge.OpenForm(RteExecutorBridge* , Int32 taskID, Int32 subformParentTaskTag, Int32 subformDitIdx)
   em CoreExecutorEndpoint.EventsLoop()
   em CoreExecutorGateway.EventsLoop()
   em com.magicsoftware.rte.RTEmanager.ExecuteWorkThread()
   em System.Threading.ThreadHelper.ThreadStart_Context(Object state)
   em System.Threading.ExecutionContext.RunInternal(ExecutionContext executionContext, ContextCallback callback, Object state, Boolean preserveSyncCtx)
   em System.Threading.ExecutionContext.Run(ExecutionContext executionContext, ContextCallback callback, Object state, Boolean preserveSyncCtx)
   em System.Threading.ExecutionContext.Run(ExecutionContext executionContext, ContextCallback callback, Object state)
   em System.Threading.ThreadHelper.ThreadStart(), Program: "Calculadora".
 <335108608834293056> 21/06/2022 13:11:23.408     [Error  ] - [MgGui.dll] System.NullReferenceException : 
   em com.magicsoftware.unipaas.gui.low.GuiUtilsBase.setVisible(Control control, Boolean visible)
   em com.magicsoftware.unipaas.gui.low.GuiUtilsBase.SetParent(Control child, Control parent, Boolean isTableHeaderChild)
   em com.magicsoftware.unipaas.gui.low.GuiUtils.createControl(CommandType commandType, Int32 style, Control parent, GuiMgControl guiMgControl, List`1 stringList, List`1 ctrlList, Int32 columnCount, Boolean isFrameSet, Boolean forceWindowControl, Type type, Int32 num2, Object tableBehaviour, Boolean addHandlers, DockingStyle dockingStyle)
   em com.magicsoftware.unipaas.gui.low.GuiCommandQueueBase.createControl(GuiCommand guiCommand)
   em com.magicsoftware.unipaas.gui.low.GuiCommandQueueBase.Run()
Referência de objeto não definida para uma instância de um objeto., Program: "Calculadora".
 <335108608834293056> 21/06/2022 13:11:23.418     [Error  ] - [MgGui.dll] 
   em System.Environment.GetStackTrace(Exception e, Boolean needFileInfo)
   em System.Environment.get_StackTrace()
   em com.magicsoftware.rte.CoreExecutor.WriteExceptionToLog(Int64 contextID, String msg)
   em com.magicsoftware.rte.GuiEventsProcessor.WriteExceptionToLog(String message)
   em com.magicsoftware.unipaas.Events.WriteExceptionToLog(String msg)
   em com.magicsoftware.unipaas.Events.WriteExceptionToLog(Exception ex)
   em com.magicsoftware.unipaas.gui.low.GuiCommandQueueBase.Run()
   em System.RuntimeMethodHandle.InvokeMethod(Object target, Object[] arguments, Signature sig, Boolean constructor)
   em System.Reflection.RuntimeMethodInfo.UnsafeInvokeInternal(Object obj, Object[] parameters, Object[] arguments)
   em System.Delegate.DynamicInvokeImpl(Object[] args)
   em System.Windows.Forms.Control.InvokeMarshaledCallbackDo(ThreadMethodEntry tme)
   em System.Windows.Forms.Control.InvokeMarshaledCallbackHelper(Object obj)
   em System.Threading.ExecutionContext.RunInternal(ExecutionContext executionContext, ContextCallback callback, Object state, Boolean preserveSyncCtx)
   em System.Threading.ExecutionContext.Run(ExecutionContext executionContext, ContextCallback callback, Object state, Boolean preserveSyncCtx)
   em System.Threading.ExecutionContext.Run(ExecutionContext executionContext, ContextCallback callback, Object state)
   em System.Windows.Forms.Control.InvokeMarshaledCallback(ThreadMethodEntry tme)
   em System.Windows.Forms.Control.InvokeMarshaledCallbacks()
   em System.Windows.Forms.Control.WndProc(Message& m)
   em System.Windows.Forms.ScrollableControl.WndProc(Message& m)
   em System.Windows.Forms.Form.WndProc(Message& m)
   em System.Windows.Forms.Control.ControlNativeWindow.OnMessage(Message& m)
   em System.Windows.Forms.Control.ControlNativeWindow.WndProc(Message& m)
   em System.Windows.Forms.NativeWindow.Callback(IntPtr hWnd, Int32 msg, IntPtr wparam, IntPtr lparam)
   em System.Windows.Forms.UnsafeNativeMethods.DispatchMessageW(MSG& msg)
   em System.Windows.Forms.Application.ComponentManager.System.Windows.Forms.UnsafeNativeMethods.IMsoComponentManager.FPushMessageLoop(IntPtr dwComponentID, Int32 reason, Int32 pvLoopData)
   em System.Windows.Forms.Application.ThreadContext.RunMessageLoopInner(Int32 reason, ApplicationContext context)
   em System.Windows.Forms.Application.ThreadContext.RunMessageLoop(Int32 reason, ApplicationContext context)
   em com.magicsoftware.unipaas.gui.low.GUIMain.messageLoop()
   em com.magicsoftware.unipaas.Manager.MessageLoop()
   em com.magicsoftware.rte.RTEmanager.ExecuteMainThread(String args)
   em com.magicsoftware.rte.RTEmanager.Main(), Program: "Calculadora".
 <335108608834293056> 21/06/2022 13:11:23.426     [Error  ] - [MgGui.dll] System.NullReferenceException : 
   em com.magicsoftware.unipaas.gui.low.GuiUtilsBase.getSavedBounds(Control control)
   em com.magicsoftware.unipaas.gui.low.GuiUtilsBase.setBounds(Object obj, Int32 x, Int32 y, Int32 width, Int32 height, Boolean isIgnorePlacement)
   em com.magicsoftware.unipaas.gui.low.GuiCommandQueueBase.setBounds(GuiCommand guiCommand)
   em com.magicsoftware.unipaas.gui.low.GuiCommandQueueBase.Run()
Referência de objeto não definida para uma instância de um objeto., Program: "Calculadora".
 <335108608834293056> 21/06/2022 13:11:23.431     [Error  ] - [MgGui.dll] 
   em System.Environment.GetStackTrace(Exception e, Boolean needFileInfo)
   em System.Environment.get_StackTrace()
   em com.magicsoftware.rte.CoreExecutor.WriteExceptionToLog(Int64 contextID, String msg)
   em com.magicsoftware.rte.GuiEventsProcessor.WriteExceptionToLog(String message)
   em com.magicsoftware.unipaas.Events.WriteExceptionToLog(String msg)
   em com.magicsoftware.unipaas.Events.WriteExceptionToLog(Exception ex)
   em com.magicsoftware.unipaas.gui.low.GuiCommandQueueBase.Run()
   em System.RuntimeMethodHandle.InvokeMethod(Object target, Object[] arguments, Signature sig, Boolean constructor)
   em System.Reflection.RuntimeMethodInfo.UnsafeInvokeInternal(Object obj, Object[] parameters, Object[] arguments)
   em System.Delegate.DynamicInvokeImpl(Object[] args)
   em System.Windows.Forms.Control.InvokeMarshaledCallbackDo(ThreadMethodEntry tme)
   em System.Windows.Forms.Control.InvokeMarshaledCallbackHelper(Object obj)
   em System.Threading.ExecutionContext.RunInternal(ExecutionContext executionContext, ContextCallback callback, Object state, Boolean preserveSyncCtx)
   em System.Threading.ExecutionContext.Run(ExecutionContext executionContext, ContextCallback callback, Object state, Boolean preserveSyncCtx)
   em System.Threading.ExecutionContext.Run(ExecutionContext executionContext, ContextCallback callback, Object state)
   em System.Windows.Forms.Control.InvokeMarshaledCallback(ThreadMethodEntry tme)
   em System.Windows.Forms.Control.InvokeMarshaledCallbacks()
   em System.Windows.Forms.Control.WndProc(Message& m)
   em System.Windows.Forms.ScrollableControl.WndProc(Message& m)
   em System.Windows.Forms.Form.WndProc(Message& m)
   em System.Windows.Forms.Control.ControlNativeWindow.OnMessage(Message& m)
   em System.Windows.Forms.Control.ControlNativeWindow.WndProc(Message& m)
   em System.Windows.Forms.NativeWindow.Callback(IntPtr hWnd, Int32 msg, IntPtr wparam, IntPtr lparam)
   em System.Windows.Forms.UnsafeNativeMethods.DispatchMessageW(MSG& msg)
   em System.Windows.Forms.Application.ComponentManager.System.Windows.Forms.UnsafeNativeMethods.IMsoComponentManager.FPushMessageLoop(IntPtr dwComponentID, Int32 reason, Int32 pvLoopData)
   em System.Windows.Forms.Application.ThreadContext.RunMessageLoopInner(Int32 reason, ApplicationContext context)
   em System.Windows.Forms.Application.ThreadContext.RunMessageLoop(Int32 reason, ApplicationContext context)
   em com.magicsoftware.unipaas.gui.low.GUIMain.messageLoop()
   em com.magicsoftware.unipaas.Manager.MessageLoop()
   em com.magicsoftware.rte.RTEmanager.ExecuteMainThread(String args)
   em com.magicsoftware.rte.RTEmanager.Main(), Program: "Calculadora".
 <335108608834293056> 21/06/2022 13:11:23.435     [Error  ] - [MgGui.dll] Assembly  with hashcode 0 not found., Program: "Calculadora".
 <335108608834293056> 21/06/2022 13:11:23.441     [Error  ] - [MgGui.dll] System.NullReferenceException : 
   em com.magicsoftware.unipaas.gui.low.GuiUtilsBase.getSavedBounds(Control control)
   em com.magicsoftware.unipaas.gui.low.GuiUtilsBase.setBounds(Object obj, Int32 x, Int32 y, Int32 width, Int32 height, Boolean isIgnorePlacement)
   em com.magicsoftware.unipaas.gui.low.GuiCommandQueueBase.setBounds(GuiCommand guiCommand)
   em com.magicsoftware.unipaas.gui.low.GuiCommandQueueBase.Run()
Referência de objeto não definida para uma instância de um objeto., Program: "Calculadora".
 <335108608834293056> 21/06/2022 13:11:23.453     [Error  ] - [MgGui.dll] There is no such attribute in RteExpressionEvaluator.convertManagedExpValToExpVal for attribute 0, Program: "Calculadora".
 <335108608834293056> 21/06/2022 13:11:23.461     [Error  ] - [MgGui.dll] 
   em System.Environment.GetStackTrace(Exception e, Boolean needFileInfo)
   em System.Environment.get_StackTrace()
   em com.magicsoftware.rte.CoreExecutor.WriteExceptionToLog(Int64 contextID, String msg)
   em com.magicsoftware.rte.GuiEventsProcessor.WriteExceptionToLog(String message)
   em com.magicsoftware.unipaas.Events.WriteExceptionToLog(String msg)
   em com.magicsoftware.unipaas.Events.WriteExceptionToLog(Exception ex)
   em com.magicsoftware.unipaas.gui.low.GuiCommandQueueBase.Run()
   em System.RuntimeMethodHandle.InvokeMethod(Object target, Object[] arguments, Signature sig, Boolean constructor)
   em System.Reflection.RuntimeMethodInfo.UnsafeInvokeInternal(Object obj, Object[] parameters, Object[] arguments)
   em System.Delegate.DynamicInvokeImpl(Object[] args)
   em System.Windows.Forms.Control.InvokeMarshaledCallbackDo(ThreadMethodEntry tme)
   em System.Windows.Forms.Control.InvokeMarshaledCallbackHelper(Object obj)
   em System.Threading.ExecutionContext.RunInternal(ExecutionContext executionContext, ContextCallback callback, Object state, Boolean preserveSyncCtx)
   em System.Threading.ExecutionContext.Run(ExecutionContext executionContext, ContextCallback callback, Object state, Boolean preserveSyncCtx)
   em System.Threading.ExecutionContext.Run(ExecutionContext executionContext, ContextCallback callback, Object state)
   em System.Windows.Forms.Control.InvokeMarshaledCallback(ThreadMethodEntry tme)
   em System.Windows.Forms.Control.InvokeMarshaledCallbacks()
   em System.Windows.Forms.Control.WndProc(Message& m)
   em System.Windows.Forms.ScrollableControl.WndProc(Message& m)
   em System.Windows.Forms.Form.WndProc(Message& m)
   em System.Windows.Forms.Control.ControlNativeWindow.OnMessage(Message& m)
   em System.Windows.Forms.Control.ControlNativeWindow.WndProc(Message& m)
   em System.Windows.Forms.NativeWindow.Callback(IntPtr hWnd, Int32 msg, IntPtr wparam, IntPtr lparam)
   em System.Windows.Forms.UnsafeNativeMethods.DispatchMessageW(MSG& msg)
   em System.Windows.Forms.Application.ComponentManager.System.Windows.Forms.UnsafeNativeMethods.IMsoComponentManager.FPushMessageLoop(IntPtr dwComponentID, Int32 reason, Int32 pvLoopData)
   em System.Windows.Forms.Application.ThreadContext.RunMessageLoopInner(Int32 reason, ApplicationContext context)
   em System.Windows.Forms.Application.ThreadContext.RunMessageLoop(Int32 reason, ApplicationContext context)
   em com.magicsoftware.unipaas.gui.low.GUIMain.messageLoop()
   em com.magicsoftware.unipaas.Manager.MessageLoop()
   em com.magicsoftware.rte.RTEmanager.ExecuteMainThread(String args)
   em com.magicsoftware.rte.RTEmanager.Main(), Program: "Calculadora".
 <335108608834293056> 21/06/2022 13:11:23.471     [Error  ] - [MgGui.dll] 
   em System.Environment.GetStackTrace(Exception e, Boolean needFileInfo)
   em System.Environment.get_StackTrace()
   em com.magicsoftware.rte.CoreExecutor.WriteExceptionToLog(Int64 contextID, String msg)
   em com.magicsoftware.rte.exp.RteExpressionEvaluator.ConvertManagedExpValToExpVal(ManagedExpVal managedExpVal, ExpVal& expVal)
   em com.magicsoftware.rte.exp.RteExpressionEvaluator.ConvertManagedExpValToExpVal(ManagedExpVal[] managedExpVals, ExpVal[]& expVals)
   em com.magicsoftware.rte.exp.RteExpressionEvaluator.EvaluateDotNetOperation(Int32 opcode, ManagedExpVal[] managedExpVals, ManagedExpVal& resManagedVal)
   em com.magicsoftware.rte.exp.RteExpressionEvaluator.EvaluateOpcode(TaskBase currTask, Int32 opcode, ManagedExpVal[] managedExpVals, ManagedExpVal& resultVal)
   em com.magicsoftware.rte.RteExecutor.EvaluateOpcode(Int32 taskID, Int32 opCode, IntPtr expVals, Int32 size, IntPtr& resVal)
   em RteExecutorEndpoint.InvokeEvaluateOpcode(Int32 taskID, Int32 opCode, IntPtr expVals, Int32 size, IntPtr& resVal)
   em RteExecutorBridge.EvaluateOpcode(RteExecutorBridge* , Int32 taskID, Int32 opCode, UnmanagedExpVal* expVals, Int32 size, UnmanagedExpVal* resVal)
   em CoreExecutorEndpoint.EventsLoop()
   em CoreExecutorGateway.EventsLoop()
   em com.magicsoftware.rte.RTEmanager.ExecuteWorkThread()
   em System.Threading.ThreadHelper.ThreadStart_Context(Object state)
   em System.Threading.ExecutionContext.RunInternal(ExecutionContext executionContext, ContextCallback callback, Object state, Boolean preserveSyncCtx)
   em System.Threading.ExecutionContext.Run(ExecutionContext executionContext, ContextCallback callback, Object state, Boolean preserveSyncCtx)
   em System.Threading.ExecutionContext.Run(ExecutionContext executionContext, ContextCallback callback, Object state)
   em System.Threading.ThreadHelper.ThreadStart(), Program: "Calculadora".
 <335108608834293056> 21/06/2022 13:11:23.480     [Error  ] - [MgGui.dll] System.NullReferenceException : 
   em com.magicsoftware.unipaas.gui.low.GuiUtilsBase.getSavedBounds(Control control)
   em com.magicsoftware.unipaas.gui.low.GuiUtilsBase.setBounds(Object obj, Int32 x, Int32 y, Int32 width, Int32 height, Boolean isIgnorePlacement)
   em com.magicsoftware.unipaas.gui.low.GuiCommandQueueBase.setBounds(GuiCommand guiCommand)
   em com.magicsoftware.unipaas.gui.low.GuiCommandQueueBase.Run()
Referência de objeto não definida para uma instância de um objeto., Program: "Calculadora".
 <335108608834293056> 21/06/2022 13:11:23.495     [Error  ] - [MgGui.dll] FieldIdx: "" Method: "Control" Exception: "System.NullReferenceException: Referência de objeto não definida para uma instância de um objeto.
   em com.magicsoftware.unipaas.management.exp.GuiExpressionEvaluator.eval_op_dn_method(ExpVal resVal, ExpVal[] expParams)", Program: "Calculadora".
 <335108608834293056> 21/06/2022 13:11:23.508     [Error  ] - [MgGui.dll] 
   em System.Environment.GetStackTrace(Exception e, Boolean needFileInfo)
   em System.Environment.get_StackTrace()
   em com.magicsoftware.rte.CoreExecutor.WriteExceptionToLog(Int64 contextID, String msg)
   em com.magicsoftware.rte.GuiEventsProcessor.WriteExceptionToLog(String message)
   em com.magicsoftware.unipaas.Events.WriteExceptionToLog(String msg)
   em com.magicsoftware.unipaas.Events.WriteExceptionToLog(Exception ex)
   em com.magicsoftware.unipaas.gui.low.GuiCommandQueueBase.Run()
   em System.RuntimeMethodHandle.InvokeMethod(Object target, Object[] arguments, Signature sig, Boolean constructor)
   em System.Reflection.RuntimeMethodInfo.UnsafeInvokeInternal(Object obj, Object[] parameters, Object[] arguments)
   em System.Delegate.DynamicInvokeImpl(Object[] args)
   em System.Windows.Forms.Control.InvokeMarshaledCallbackDo(ThreadMethodEntry tme)
   em System.Windows.Forms.Control.InvokeMarshaledCallbackHelper(Object obj)
   em System.Threading.ExecutionContext.RunInternal(ExecutionContext executionContext, ContextCallback callback, Object state, Boolean preserveSyncCtx)
   em System.Threading.ExecutionContext.Run(ExecutionContext executionContext, ContextCallback callback, Object state, Boolean preserveSyncCtx)
   em System.Threading.ExecutionContext.Run(ExecutionContext executionContext, ContextCallback callback, Object state)
   em System.Windows.Forms.Control.InvokeMarshaledCallback(ThreadMethodEntry tme)
   em System.Windows.Forms.Control.InvokeMarshaledCallbacks()
   em System.Windows.Forms.Control.WndProc(Message& m)
   em System.Windows.Forms.ScrollableControl.WndProc(Message& m)
   em System.Windows.Forms.Form.WndProc(Message& m)
   em System.Windows.Forms.Control.ControlNativeWindow.OnMessage(Message& m)
   em System.Windows.Forms.Control.ControlNativeWindow.WndProc(Message& m)
   em System.Windows.Forms.NativeWindow.Callback(IntPtr hWnd, Int32 msg, IntPtr wparam, IntPtr lparam)
   em System.Windows.Forms.UnsafeNativeMethods.DispatchMessageW(MSG& msg)
   em System.Windows.Forms.Application.ComponentManager.System.Windows.Forms.UnsafeNativeMethods.IMsoComponentManager.FPushMessageLoop(IntPtr dwComponentID, Int32 reason, Int32 pvLoopData)
   em System.Windows.Forms.Application.ThreadContext.RunMessageLoopInner(Int32 reason, ApplicationContext context)
   em System.Windows.Forms.Application.ThreadContext.RunMessageLoop(Int32 reason, ApplicationContext context)
   em com.magicsoftware.unipaas.gui.low.GUIMain.messageLoop()
   em com.magicsoftware.unipaas.Manager.MessageLoop()
   em com.magicsoftware.rte.RTEmanager.ExecuteMainThread(String args)
   em com.magicsoftware.rte.RTEmanager.Main(), Program: "Calculadora".
 <335108608834293056> 21/06/2022 13:11:23.516     [Error  ] - [MgGui.dll] 
   em System.Environment.GetStackTrace(Exception e, Boolean needFileInfo)
   em System.Environment.get_StackTrace()
   em com.magicsoftware.rte.CoreExecutor.WriteExceptionToLog(Int64 contextID, String msg)
   em com.magicsoftware.rte.GuiEventsProcessor.WriteExceptionToLog(String message)
   em com.magicsoftware.unipaas.Events.WriteExceptionToLog(String msg)
   em com.magicsoftware.unipaas.management.exp.GuiExpressionEvaluator.WriteDotnetExceptionToLog(Exception exception, Object obj, String opcode, String memberName)
   em com.magicsoftware.unipaas.management.exp.GuiExpressionEvaluator.eval_op_dn_method(ExpVal resVal, ExpVal[] expParams)
   em com.magicsoftware.rte.exp.RteExpressionEvaluator.EvaluateDotNetOperation(Int32 opcode, ManagedExpVal[] managedExpVals, ManagedExpVal& resManagedVal)
   em com.magicsoftware.rte.exp.RteExpressionEvaluator.EvaluateOpcode(TaskBase currTask, Int32 opcode, ManagedExpVal[] managedExpVals, ManagedExpVal& resultVal)
   em com.magicsoftware.rte.RteExecutor.EvaluateOpcode(Int32 taskID, Int32 opCode, IntPtr expVals, Int32 size, IntPtr& resVal)
   em RteExecutorEndpoint.InvokeEvaluateOpcode(Int32 taskID, Int32 opCode, IntPtr expVals, Int32 size, IntPtr& resVal)
   em RteExecutorBridge.EvaluateOpcode(RteExecutorBridge* , Int32 taskID, Int32 opCode, UnmanagedExpVal* expVals, Int32 size, UnmanagedExpVal* resVal)
   em CoreExecutorEndpoint.EventsLoop()
   em CoreExecutorGateway.EventsLoop()
   em com.magicsoftware.rte.RTEmanager.ExecuteWorkThread()
   em System.Threading.ThreadHelper.ThreadStart_Context(Object state)
   em System.Threading.ExecutionContext.RunInternal(ExecutionContext executionContext, ContextCallback callback, Object state, Boolean preserveSyncCtx)
   em System.Threading.ExecutionContext.Run(ExecutionContext executionContext, ContextCallback callback, Object state, Boolean preserveSyncCtx)
   em System.Threading.ExecutionContext.Run(ExecutionContext executionContext, ContextCallback callback, Object state)
   em System.Threading.ThreadHelper.ThreadStart(), Program: "Calculadora".
 <335108608834293056> 21/06/2022 13:11:23.525     [Error  ] - [MgGui.dll] System.NullReferenceException : 
   em com.magicsoftware.unipaas.gui.low.GuiUtilsBase.getSavedBounds(Control control)
   em com.magicsoftware.unipaas.gui.low.GuiUtilsBase.setBounds(Object obj, Int32 x, Int32 y, Int32 width, Int32 height, Boolean isIgnorePlacement)
   em com.magicsoftware.unipaas.gui.low.GuiCommandQueueBase.setBounds(GuiCommand guiCommand)
   em com.magicsoftware.unipaas.gui.low.GuiCommandQueueBase.Run()
Referência de objeto não definida para uma instância de um objeto., Program: "Calculadora".
 <335108608834293056> 21/06/2022 13:11:23.547     [Error  ] - [MgGui.dll] 
   em System.Environment.GetStackTrace(Exception e, Boolean needFileInfo)
   em System.Environment.get_StackTrace()
   em com.magicsoftware.rte.CoreExecutor.WriteExceptionToLog(Int64 contextID, String msg)
   em com.magicsoftware.rte.GuiEventsProcessor.WriteExceptionToLog(String message)
   em com.magicsoftware.unipaas.Events.WriteExceptionToLog(String msg)
   em com.magicsoftware.unipaas.Events.WriteExceptionToLog(Exception ex)
   em com.magicsoftware.unipaas.gui.low.GuiCommandQueueBase.Run()
   em System.RuntimeMethodHandle.InvokeMethod(Object target, Object[] arguments, Signature sig, Boolean constructor)
   em System.Reflection.RuntimeMethodInfo.UnsafeInvokeInternal(Object obj, Object[] parameters, Object[] arguments)
   em System.Delegate.DynamicInvokeImpl(Object[] args)
   em System.Windows.Forms.Control.InvokeMarshaledCallbackDo(ThreadMethodEntry tme)
   em System.Windows.Forms.Control.InvokeMarshaledCallbackHelper(Object obj)
   em System.Threading.ExecutionContext.RunInternal(ExecutionContext executionContext, ContextCallback callback, Object state, Boolean preserveSyncCtx)
   em System.Threading.ExecutionContext.Run(ExecutionContext executionContext, ContextCallback callback, Object state, Boolean preserveSyncCtx)
   em System.Threading.ExecutionContext.Run(ExecutionContext executionContext, ContextCallback callback, Object state)
   em System.Windows.Forms.Control.InvokeMarshaledCallback(ThreadMethodEntry tme)
   em System.Windows.Forms.Control.InvokeMarshaledCallbacks()
   em System.Windows.Forms.Control.WndProc(Message& m)
   em System.Windows.Forms.ScrollableControl.WndProc(Message& m)
   em System.Windows.Forms.Form.WndProc(Message& m)
   em System.Windows.Forms.Control.ControlNativeWindow.OnMessage(Message& m)
   em System.Windows.Forms.Control.ControlNativeWindow.WndProc(Message& m)
   em System.Windows.Forms.NativeWindow.Callback(IntPtr hWnd, Int32 msg, IntPtr wparam, IntPtr lparam)
   em System.Windows.Forms.UnsafeNativeMethods.DispatchMessageW(MSG& msg)
   em System.Windows.Forms.Application.ComponentManager.System.Windows.Forms.UnsafeNativeMethods.IMsoComponentManager.FPushMessageLoop(IntPtr dwComponentID, Int32 reason, Int32 pvLoopData)
   em System.Windows.Forms.Application.ThreadContext.RunMessageLoopInner(Int32 reason, ApplicationContext context)
   em System.Windows.Forms.Application.ThreadContext.RunMessageLoop(Int32 reason, ApplicationContext context)
   em com.magicsoftware.unipaas.gui.low.GUIMain.messageLoop()
   em com.magicsoftware.unipaas.Manager.MessageLoop()
   em com.magicsoftware.rte.RTEmanager.ExecuteMainThread(String args)
   em com.magicsoftware.rte.RTEmanager.Main(), Program: "Calculadora".
 <335108608834293056> 21/06/2022 13:11:26.393     [Error  ] - [MgGui.dll] System.NullReferenceException : 
   em com.magicsoftware.unipaas.gui.low.GuiCommandQueueBase.setFocus(GuiCommand guiCommand)
   em com.magicsoftware.unipaas.gui.low.GuiCommandQueueBase.Run()
Referência de objeto não definida para uma instância de um objeto., Program: "Calculadora".
 <335108608834293056> 21/06/2022 13:11:26.394     [Error  ] - [MgGui.dll] 
   em System.Environment.GetStackTrace(Exception e, Boolean needFileInfo)
   em System.Environment.get_StackTrace()
   em com.magicsoftware.rte.CoreExecutor.WriteExceptionToLog(Int64 contextID, String msg)
   em com.magicsoftware.rte.GuiEventsProcessor.WriteExceptionToLog(String message)
   em com.magicsoftware.unipaas.Events.WriteExceptionToLog(String msg)
   em com.magicsoftware.unipaas.Events.WriteExceptionToLog(Exception ex)
   em com.magicsoftware.unipaas.gui.low.GuiCommandQueueBase.Run()
   em System.RuntimeMethodHandle.InvokeMethod(Object target, Object[] arguments, Signature sig, Boolean constructor)
   em System.Reflection.RuntimeMethodInfo.UnsafeInvokeInternal(Object obj, Object[] parameters, Object[] arguments)
   em System.Delegate.DynamicInvokeImpl(Object[] args)
   em System.Windows.Forms.Control.InvokeMarshaledCallbackDo(ThreadMethodEntry tme)
   em System.Windows.Forms.Control.InvokeMarshaledCallbackHelper(Object obj)
   em System.Threading.ExecutionContext.RunInternal(ExecutionContext executionContext, ContextCallback callback, Object state, Boolean preserveSyncCtx)
   em System.Threading.ExecutionContext.Run(ExecutionContext executionContext, ContextCallback callback, Object state, Boolean preserveSyncCtx)
   em System.Threading.ExecutionContext.Run(ExecutionContext executionContext, ContextCallback callback, Object state)
   em System.Windows.Forms.Control.InvokeMarshaledCallback(ThreadMethodEntry tme)
   em System.Windows.Forms.Control.InvokeMarshaledCallbacks()
   em System.Windows.Forms.Control.WndProc(Message& m)
   em System.Windows.Forms.ScrollableControl.WndProc(Message& m)
   em System.Windows.Forms.Form.WndProc(Message& m)
   em System.Windows.Forms.Control.ControlNativeWindow.OnMessage(Message& m)
   em System.Windows.Forms.Control.ControlNativeWindow.WndProc(Message& m)
   em System.Windows.Forms.NativeWindow.Callback(IntPtr hWnd, Int32 msg, IntPtr wparam, IntPtr lparam)
   em System.Windows.Forms.UnsafeNativeMethods.DispatchMessageW(MSG& msg)
   em System.Windows.Forms.Application.ComponentManager.System.Windows.Forms.UnsafeNativeMethods.IMsoComponentManager.FPushMessageLoop(IntPtr dwComponentID, Int32 reason, Int32 pvLoopData)
   em System.Windows.Forms.Application.ThreadContext.RunMessageLoopInner(Int32 reason, ApplicationContext context)
   em System.Windows.Forms.Application.ThreadContext.RunMessageLoop(Int32 reason, ApplicationContext context)
   em com.magicsoftware.unipaas.gui.low.GUIMain.messageLoop()
   em com.magicsoftware.unipaas.Manager.MessageLoop()
   em com.magicsoftware.rte.RTEmanager.ExecuteMainThread(String args)
   em com.magicsoftware.rte.RTEmanager.Main(), Program: "Calculadora".
 <-1> 21/06/2022 13:13:24.822     [Error  ] - Failed to Load Assembly : "C:\Users\yanne\DownloadsSSD\devprogramacao\Cigam\Projects\ProjetoCalculadora-Yanne_Roberto-CIGAM\Calculadora\bin\Release"
"Não foi possível carregar arquivo ou assembly 'Release' ou uma de suas dependências. Acesso negado."
 <-1> 21/06/2022 13:13:24.878     [Error  ] - Failed to Load Assembly : "C:\Users\yanne\DownloadsSSD\devprogramacao\Cigam\Projects\ProjetoCalculadora\Calculadora.Control\bin\Release\Calculadora.Control.dll"
"Não foi possível carregar arquivo ou assembly 'Calculadora.Control.dll' ou uma de suas dependências. O sistema não pode encontrar o caminho especificado."
 <-1> 21/06/2022 13:13:48.494     [Error  ] - Failed to Load Assembly : "C:\Users\yanne\DownloadsSSD\devprogramacao\Cigam\Projects\ProjetoCalculadora\Calculadora.Control\bin\Release\Calculadora.Control.dll"
"Não foi possível carregar arquivo ou assembly 'Calculadora.Control.dll' ou uma de suas dependências. O sistema não pode encontrar o caminho especificado."
